\BOOKMARK [1][-]{section.1}{\376\377\000O\000v\000e\000r\000v\000i\000e\000w}{}% 1
\BOOKMARK [1][-]{section.2}{\376\377\000S\000S\000I\000M\000\040\000O\000u\000t\000p\000u\000t\000:\000\040\000W\000h\000a\000t\000\040\000t\000h\000e\000\040\000M\000a\000p\000p\000i\000n\000g\000\040\000R\000e\000c\000e\000i\000v\000e\000s}{}% 2
\BOOKMARK [2][-]{subsection.2.1}{\376\377\000A\000L\000G\000O\000\137\0001\000\040\040\023\000\040\000S\000e\000g\000m\000e\000n\000t\000-\000t\000o\000-\000S\000e\000g\000m\000e\000n\000t}{section.2}% 3
\BOOKMARK [2][-]{subsection.2.2}{\376\377\000A\000L\000G\000O\000\137\0002\000\040\040\023\000\040\000N\000o\000d\000e\000-\000t\000o\000-\000S\000e\000g\000m\000e\000n\000t}{section.2}% 4
\BOOKMARK [1][-]{section.3}{\376\377\000F\000o\000r\000w\000a\000r\000d\000\040\000M\000a\000p\000:\000\040\000C\000o\000n\000t\000a\000c\000t\000-\000P\000o\000i\000n\000t\000\040\000P\000o\000s\000i\000t\000i\000o\000n\000s\000\040\000\050\000a\000p\000p\000l\000y\000\051}{}% 5
\BOOKMARK [2][-]{subsection.3.1}{\376\377\000C\000e\000n\000t\000r\000e\000l\000i\000n\000e\000\040\000I\000n\000t\000e\000r\000p\000o\000l\000a\000t\000i\000o\000n}{section.3}% 6
\BOOKMARK [2][-]{subsection.3.2}{\376\377\000C\000o\000n\000t\000a\000c\000t\000\040\000N\000o\000r\000m\000a\000l}{section.3}% 7
\BOOKMARK [2][-]{subsection.3.3}{\376\377\000S\000u\000r\000f\000a\000c\000e\000\040\000C\000o\000n\000t\000a\000c\000t\000\040\000P\000o\000i\000n\000t\000s}{section.3}% 8
\BOOKMARK [2][-]{subsection.3.4}{\376\377\000R\000a\000d\000i\000a\000l\000\040\000M\000o\000m\000e\000n\000t\000\040\000A\000r\000m\000s}{section.3}% 9
\BOOKMARK [1][-]{section.4}{\376\377\000T\000a\000n\000g\000e\000n\000t\000\040\000M\000a\000p\000:\000\040\000V\000e\000l\000o\000c\000i\000t\000y\000\040\000J\000a\000c\000o\000b\000i\000a\000n\000\040\000\050\000a\000p\000p\000l\000y\000J\000\051}{}% 10
\BOOKMARK [2][-]{subsection.4.1}{\376\377\000R\000i\000g\000i\000d\000-\000F\000r\000a\000m\000e\000\040\000V\000e\000l\000o\000c\000i\000t\000y\000\040\000R\000e\000p\000r\000e\000s\000e\000n\000t\000a\000t\000i\000o\000n}{section.4}% 11
\BOOKMARK [2][-]{subsection.4.2}{\376\377\000V\000e\000l\000o\000c\000i\000t\000y\000\040\000o\000f\000\040\000t\000h\000e\000\040\000C\000e\000n\000t\000r\000e\000l\000i\000n\000e\000\040\000C\000o\000n\000t\000a\000c\000t\000\040\000P\000o\000i\000n\000t}{section.4}% 12
\BOOKMARK [2][-]{subsection.4.3}{\376\377\000V\000e\000l\000o\000c\000i\000t\000y\000\040\000o\000f\000\040\000t\000h\000e\000\040\000S\000u\000r\000f\000a\000c\000e\000\040\000C\000o\000n\000t\000a\000c\000t\000\040\000P\000o\000i\000n\000t}{section.4}% 13
\BOOKMARK [2][-]{subsection.4.4}{\376\377\000C\000o\000m\000p\000a\000c\000t\000\040\000J\000a\000c\000o\000b\000i\000a\000n\000\040\000N\000o\000t\000a\000t\000i\000o\000n}{section.4}% 14
\BOOKMARK [1][-]{section.5}{\376\377\000T\000r\000a\000n\000s\000p\000o\000s\000e\000\040\000M\000a\000p\000:\000\040\000F\000o\000r\000c\000e\000\040\000B\000a\000c\000k\000-\000P\000r\000o\000p\000a\000g\000a\000t\000i\000o\000n\000\040\000\050\000a\000p\000p\000l\000y\000J\000T\000\051}{}% 15
\BOOKMARK [2][-]{subsection.5.1}{\376\377\000V\000i\000r\000t\000u\000a\000l\000\040\000W\000o\000r\000k\000\040\000P\000r\000i\000n\000c\000i\000p\000l\000e}{section.5}% 16
\BOOKMARK [2][-]{subsection.5.2}{\376\377\000N\000o\000r\000m\000a\000l\000\040\000v\000s\000.\000\040\000T\000a\000n\000g\000e\000n\000t\000i\000a\000l\000\040\000F\000o\000r\000c\000e\000s}{section.5}% 17
\BOOKMARK [1][-]{section.6}{\376\377\000C\000o\000n\000s\000t\000r\000a\000i\000n\000t\000\040\000J\000a\000c\000o\000b\000i\000a\000n\000\040\000\050\000a\000p\000p\000l\000y\000J\000T\000\040\000M\000a\000t\000r\000i\000x\000D\000e\000r\000i\000v\000\051}{}% 18
\BOOKMARK [2][-]{subsection.6.1}{\376\377\000R\000o\000l\000e\000\040\000i\000n\000\040\000t\000h\000e\000\040\000C\000o\000n\000s\000t\000r\000a\000i\000n\000t\000\040\000S\000o\000l\000v\000e\000r}{section.6}% 19
\BOOKMARK [2][-]{subsection.6.2}{\376\377\000M\000a\000p\000p\000i\000n\000g\000\040\000t\000o\000\040\000I\000n\000p\000u\000t\000\040\000S\000p\000a\000c\000e}{section.6}% 20
\BOOKMARK [2][-]{subsection.6.3}{\376\377\000N\000o\000r\000m\000a\000l\000\040\000C\000o\000n\000s\000t\000r\000a\000i\000n\000t\000\040\000R\000o\000w\000\040\000\050\000E\000x\000p\000l\000i\000c\000i\000t\000\040\000F\000o\000r\000m\000\051}{section.6}% 21
\BOOKMARK [2][-]{subsection.6.4}{\376\377\000T\000a\000n\000g\000e\000n\000t\000i\000a\000l\000\040\000C\000o\000n\000s\000t\000r\000a\000i\000n\000t\000\040\000R\000o\000w\000\040\000\050\000E\000x\000p\000l\000i\000c\000i\000t\000\040\000F\000o\000r\000m\000\051}{section.6}% 22
\BOOKMARK [1][-]{section.7}{\376\377\000A\000L\000G\000O\000\137\0001\000\040\000v\000s\000.\000\040\000A\000L\000G\000O\000\137\0002\000:\000\040\000S\000u\000m\000m\000a\000r\000y\000\040\000o\000f\000\040\000D\000i\000f\000f\000e\000r\000e\000n\000c\000e\000s}{}% 23
\BOOKMARK [1][-]{section.8}{\376\377\000S\000y\000m\000b\000o\000l\000\040\000G\000l\000o\000s\000s\000a\000r\000y}{}% 24
